2025-06-22 06:47:55,531 - INFO - 尝试连接 WebSocket: ws://localhost:8768?name=TTS_Module
2025-06-22 06:47:55,555 - INFO - WebSocket 连接成功。
2025-06-22 06:47:55,563 - INFO - 句子接收任务已启动。
2025-06-22 06:47:55,564 - INFO - TTS 处理和发送任务已启动。
2025-06-22 06:50:20,185 - INFO - 接收到句子: Ah, a name tag from Cal Hacks, you say?...
2025-06-22 06:50:20,185 - INFO - 接收到句子: A gathering of minds, weaving spells of code and i...
2025-06-22 06:50:20,186 - INFO - 接收到句子: It warms my ancient heart to see such dedication t...
2025-06-22 06:50:20,186 - INFO - 接收到句子: May your endeavors be fruitful and your creations ...
2025-06-22 06:50:20,186 - INFO - 接收到句子: Go forth and conjure wonders!...
2025-06-22 06:50:20,186 - INFO - 正在处理句子: Ah, a name tag from Cal Hacks, you say?...
2025-06-22 06:50:20,186 - INFO - 正在请求 TTS 转换: Ah, a name tag from Cal Hacks,...
2025-06-22 06:50:20,192 - INFO - TTS 流媒体开始：Ah, a name tag from Cal Hacks,...
2025-06-22 06:50:26,955 - INFO - TTS 流媒体完成：Ah, a name tag from Cal Hacks,.
2025-06-22 06:50:26,956 - INFO - 正在处理句子: A gathering of minds, weaving spells of code and i...
2025-06-22 06:50:26,956 - INFO - 正在请求 TTS 转换: A gathering of minds, weaving ...
2025-06-22 06:50:26,961 - INFO - TTS 流媒体开始：A gathering of minds, weaving ...
2025-06-22 06:50:28,501 - INFO - TTS 流媒体完成：A gathering of minds, weaving .
2025-06-22 06:50:28,501 - INFO - 正在处理句子: It warms my ancient heart to see such dedication t...
2025-06-22 06:50:28,501 - INFO - 正在请求 TTS 转换: It warms my ancient heart to s...
2025-06-22 06:50:28,502 - INFO - TTS 流媒体开始：It warms my ancient heart to s...
2025-06-22 06:50:30,346 - INFO - TTS 流媒体完成：It warms my ancient heart to s.
2025-06-22 06:50:30,346 - INFO - 正在处理句子: May your endeavors be fruitful and your creations ...
2025-06-22 06:50:30,346 - INFO - 正在请求 TTS 转换: May your endeavors be fruitful...
2025-06-22 06:50:30,347 - INFO - TTS 流媒体开始：May your endeavors be fruitful...
2025-06-22 06:50:31,605 - INFO - TTS 流媒体完成：May your endeavors be fruitful.
2025-06-22 06:50:31,605 - INFO - 正在处理句子: Go forth and conjure wonders!...
2025-06-22 06:50:31,605 - INFO - 正在请求 TTS 转换: Go forth and conjure wonders!...
2025-06-22 06:50:31,607 - INFO - TTS 流媒体开始：Go forth and conjure wonders!...
2025-06-22 06:50:32,452 - INFO - TTS 流媒体完成：Go forth and conjure wonders!.
